<?xml version="1.0" encoding="UTF-8"?>
<testng-results ignored="0" total="4" passed="4" failed="0" skipped="0">
  <reporter-output>
  </reporter-output>
  <suite started-at="2022-04-23T14:34:33 IST" name="Suite" finished-at="2022-04-23T14:34:52 IST" duration-ms="18643">
    <groups>
    </groups>
    <test started-at="2022-04-23T14:34:33 IST" name="CrossBrowserTest1" finished-at="2022-04-23T14:34:41 IST" duration-ms="7599">
      <class name="CrossBrowserTest.CrossBrowserTestcases">
        <test-method signature="titleTest(java.lang.String)[pri:0, instance:CrossBrowserTest.CrossBrowserTestcases@4d465b11]" started-at="2022-04-23T14:34:33 IST" name="titleTest" finished-at="2022-04-23T14:34:41 IST" duration-ms="7556" status="PASS">
          <params>
            <param index="0">
              <value>
                <![CDATA[firefox]]>
              </value>
            </param>
          </params>
          <reporter-output>
          </reporter-output>
        </test-method> <!-- titleTest -->
      </class> <!-- CrossBrowserTest.CrossBrowserTestcases -->
    </test> <!-- CrossBrowserTest1 -->
    <test started-at="2022-04-23T14:34:41 IST" name="CrossBrowserTest2" finished-at="2022-04-23T14:34:44 IST" duration-ms="3105">
      <class name="CrossBrowserTest.CrossBrowserTestcases">
        <test-method signature="titleTest(java.lang.String)[pri:0, instance:CrossBrowserTest.CrossBrowserTestcases@54a7079e]" started-at="2022-04-23T14:34:41 IST" name="titleTest" finished-at="2022-04-23T14:34:44 IST" duration-ms="3102" status="PASS">
          <params>
            <param index="0">
              <value>
                <![CDATA[Google Chrome]]>
              </value>
            </param>
          </params>
          <reporter-output>
          </reporter-output>
        </test-method> <!-- titleTest -->
      </class> <!-- CrossBrowserTest.CrossBrowserTestcases -->
    </test> <!-- CrossBrowserTest2 -->
    <test started-at="2022-04-23T14:34:44 IST" name="CrossBrowserTest3" finished-at="2022-04-23T14:34:48 IST" duration-ms="3477">
      <class name="CrossBrowserTest.CrossBrowserTestcases">
        <test-method signature="titleTest(java.lang.String)[pri:0, instance:CrossBrowserTest.CrossBrowserTestcases@1b11171f]" started-at="2022-04-23T14:34:44 IST" name="titleTest" finished-at="2022-04-23T14:34:48 IST" duration-ms="3475" status="PASS">
          <params>
            <param index="0">
              <value>
                <![CDATA[Internet Explorer]]>
              </value>
            </param>
          </params>
          <reporter-output>
          </reporter-output>
        </test-method> <!-- titleTest -->
      </class> <!-- CrossBrowserTest.CrossBrowserTestcases -->
    </test> <!-- CrossBrowserTest3 -->
    <test started-at="2022-04-23T14:34:48 IST" name="CrossBrowserTest4" finished-at="2022-04-23T14:34:52 IST" duration-ms="4398">
      <class name="CrossBrowserTest.CrossBrowserTestcases">
        <test-method signature="titleTest(java.lang.String)[pri:0, instance:CrossBrowserTest.CrossBrowserTestcases@4b0d79fc]" started-at="2022-04-23T14:34:48 IST" name="titleTest" finished-at="2022-04-23T14:34:52 IST" duration-ms="4395" status="PASS">
          <params>
            <param index="0">
              <value>
                <![CDATA[Opera Browser]]>
              </value>
            </param>
          </params>
          <reporter-output>
          </reporter-output>
        </test-method> <!-- titleTest -->
      </class> <!-- CrossBrowserTest.CrossBrowserTestcases -->
    </test> <!-- CrossBrowserTest4 -->
  </suite> <!-- Suite -->
</testng-results>
